04/27/2023 06:28:16 PM: INFO: ****** Test_001_Login *******
04/27/2023 06:28:16 PM: INFO: ****** verify homepage Title *******
04/27/2023 06:28:18 PM: INFO: Your store. Login
04/27/2023 06:28:18 PM: INFO: ****** home page title is passed *******
04/27/2023 06:28:23 PM: INFO: ****** Login test is passed *******
05/23/2023 10:45:54 AM: INFO: ***** Test_003_Addcustomer ******
05/23/2023 10:46:02 AM: INFO: **** login sucessfully ****
05/23/2023 10:46:02 AM: INFO: **** started addcustomer ****
05/23/2023 10:46:02 AM: INFO: **** providing customer info ****
05/23/2023 10:46:18 AM: INFO: *** customer info is saved ****
05/23/2023 10:46:18 AM: INFO: **** customer validations is started ****
05/23/2023 10:46:21 AM: INFO: **** customer is passed ****
05/23/2023 10:46:21 AM: INFO: **** ending addcustomer test ****
05/23/2023 10:46:36 AM: INFO: ****** Login test is passed *******
05/23/2023 10:47:13 AM: INFO: ***** Test_003_Addcustomer ******
05/23/2023 10:47:18 AM: INFO: **** login sucessfully ****
05/23/2023 10:47:18 AM: INFO: **** started addcustomer ****
05/23/2023 10:47:18 AM: INFO: **** providing customer info ****
05/23/2023 10:47:23 AM: INFO: **** searching customer **** 
05/23/2023 10:57:41 AM: INFO: ****** Test_001_Login *******
05/23/2023 10:57:41 AM: INFO: ****** verify homepage Title *******
05/23/2023 10:57:44 AM: INFO: Your store. Login
05/23/2023 10:57:44 AM: INFO: ****** home page title is passed *******
05/23/2023 10:58:05 AM: INFO: ****** Login test is passed *******
05/23/2023 10:58:17 AM: INFO: ***** Test_003_Addcustomer ******
05/23/2023 10:58:31 AM: INFO: **** login sucessfully ****
05/23/2023 10:58:31 AM: INFO: **** started addcustomer ****
05/23/2023 10:58:31 AM: INFO: **** providing customer info ****
05/23/2023 10:58:43 AM: INFO: *** customer info is saved ****
05/23/2023 10:58:43 AM: INFO: **** customer validations is started ****
05/23/2023 10:58:45 AM: INFO: **** customer is passed ****
05/23/2023 10:58:45 AM: INFO: **** ending addcustomer test ****
05/23/2023 10:59:00 AM: INFO: ****** Login test is passed *******
05/23/2023 10:59:38 AM: INFO: ***** Test_003_Addcustomer ******
05/23/2023 10:59:43 AM: INFO: **** login sucessfully ****
05/23/2023 10:59:43 AM: INFO: **** started addcustomer ****
05/23/2023 10:59:43 AM: INFO: **** providing customer info ****
05/23/2023 10:59:47 AM: INFO: **** searching customer **** 
05/23/2023 11:11:16 AM: INFO: ****** Test_001_Login *******
05/23/2023 11:11:16 AM: INFO: ****** verify homepage Title *******
05/23/2023 11:11:18 AM: INFO: Your store. Login
05/23/2023 11:11:18 AM: INFO: ****** home page title is passed *******
05/23/2023 11:11:28 AM: INFO: ****** Login test is passed *******
05/23/2023 11:20:02 AM: INFO: ***** Test_003_Addcustomer ******
05/23/2023 11:20:10 AM: INFO: **** login sucessfully ****
05/23/2023 11:20:10 AM: INFO: **** started addcustomer ****
05/23/2023 11:20:10 AM: INFO: **** providing customer info ****
05/23/2023 11:20:19 AM: INFO: *** customer info is saved ****
05/23/2023 11:20:19 AM: INFO: **** customer validations is started ****
05/23/2023 11:20:21 AM: INFO: **** customer is passed ****
05/23/2023 11:20:22 AM: INFO: **** ending addcustomer test ****
05/23/2023 11:20:25 AM: INFO: ****** Test_001_Login *******
05/23/2023 11:20:25 AM: INFO: ****** verify homepage Title *******
05/23/2023 11:20:29 AM: INFO: Your store. Login
05/23/2023 11:20:29 AM: INFO: ****** home page title is passed *******
05/23/2023 11:20:39 AM: INFO: ****** Login test is passed *******
05/23/2023 11:21:15 AM: INFO: ***** Test_003_Addcustomer ******
05/23/2023 11:21:22 AM: INFO: **** login sucessfully ****
05/23/2023 11:21:22 AM: INFO: **** started addcustomer ****
05/23/2023 11:21:22 AM: INFO: **** providing customer info ****
05/23/2023 11:21:26 AM: INFO: **** searching customer **** 
05/23/2023 06:11:38 PM: INFO: ****** Test_001_Login *******
05/23/2023 06:11:38 PM: INFO: ****** verify homepage Title *******
05/23/2023 06:11:40 PM: INFO: Your store. Login
05/23/2023 06:11:41 PM: INFO: ****** home page title is passed *******
05/23/2023 06:11:49 PM: INFO: ****** Login test is passed *******
05/26/2023 10:25:05 AM: INFO: ***** Test_003_Addcustomer ******
05/26/2023 10:25:13 AM: INFO: **** login sucessfully ****
05/26/2023 10:25:13 AM: INFO: **** started addcustomer ****
05/26/2023 10:25:13 AM: INFO: **** providing customer info ****
05/26/2023 10:25:23 AM: INFO: *** customer info is saved ****
05/26/2023 10:25:23 AM: INFO: **** customer validations is started ****
05/26/2023 10:25:26 AM: INFO: **** customer is passed ****
05/26/2023 10:25:26 AM: INFO: **** ending addcustomer test ****
05/26/2023 10:25:30 AM: INFO: ****** Test_001_Login *******
05/26/2023 10:25:30 AM: INFO: ****** verify homepage Title *******
05/26/2023 10:25:32 AM: INFO: Your store. Login
05/26/2023 10:25:32 AM: INFO: ****** home page title is passed *******
05/26/2023 10:25:39 AM: INFO: ****** Login test is passed *******
05/26/2023 10:26:14 AM: INFO: ***** Test_003_Addcustomer ******
05/26/2023 10:26:21 AM: INFO: **** login sucessfully ****
05/26/2023 10:26:21 AM: INFO: **** started addcustomer ****
05/26/2023 10:26:21 AM: INFO: **** providing customer info ****
05/26/2023 10:26:25 AM: INFO: **** searching customer **** 
06/13/2023 09:21:31 PM: INFO: ***** Test_003_Addcustomer ******
06/13/2023 09:21:39 PM: INFO: **** login sucessfully ****
06/13/2023 09:21:39 PM: INFO: **** started addcustomer ****
06/13/2023 09:21:39 PM: INFO: **** providing customer info ****
06/13/2023 09:21:51 PM: INFO: *** customer info is saved ****
06/13/2023 09:21:51 PM: INFO: **** customer validations is started ****
06/13/2023 09:21:53 PM: INFO: **** customer is passed ****
06/13/2023 09:22:03 PM: INFO: **** ending addcustomer test ****
06/13/2023 09:22:07 PM: INFO: ****** Test_001_Login *******
06/13/2023 09:22:07 PM: INFO: ****** verify homepage Title *******
06/13/2023 09:22:09 PM: INFO: Your store. Login
06/13/2023 09:22:13 PM: INFO: ****** home page title is passed *******
06/13/2023 09:22:27 PM: INFO: ****** Login test is passed *******
06/13/2023 09:23:15 PM: INFO: ***** Test_003_Addcustomer ******
06/13/2023 09:23:22 PM: INFO: **** login sucessfully ****
06/13/2023 09:23:22 PM: INFO: **** started addcustomer ****
06/13/2023 09:23:22 PM: INFO: **** providing customer info ****
06/13/2023 09:23:26 PM: INFO: **** searching customer **** 
06/22/2023 06:19:23 PM: INFO: ***** Test_003_Addcustomer ******
06/22/2023 06:19:29 PM: INFO: **** login sucessfully ****
06/22/2023 06:19:29 PM: INFO: **** started addcustomer ****
06/22/2023 06:19:29 PM: INFO: **** providing customer info ****
06/22/2023 06:19:38 PM: INFO: *** customer info is saved ****
06/22/2023 06:19:38 PM: INFO: **** customer validations is started ****
06/22/2023 06:19:41 PM: INFO: **** customer is passed ****
06/22/2023 06:19:41 PM: INFO: **** ending addcustomer test ****
06/22/2023 06:19:45 PM: INFO: ****** Test_001_Login *******
06/22/2023 06:19:45 PM: INFO: ****** verify homepage Title *******
06/22/2023 06:19:47 PM: INFO: Your store. Login
06/22/2023 06:19:48 PM: INFO: ****** home page title is passed *******
06/22/2023 06:19:58 PM: INFO: ****** Login test is passed *******
06/22/2023 06:20:35 PM: INFO: ***** Test_003_Addcustomer ******
06/22/2023 06:20:41 PM: INFO: **** login sucessfully ****
06/22/2023 06:20:41 PM: INFO: **** started addcustomer ****
06/22/2023 06:20:41 PM: INFO: **** providing customer info ****
06/22/2023 06:20:45 PM: INFO: **** searching customer **** 
06/22/2023 10:56:38 PM: INFO: ***** Test_003_Addcustomer ******
06/22/2023 10:56:44 PM: INFO: **** login sucessfully ****
06/22/2023 10:56:44 PM: INFO: **** started addcustomer ****
06/22/2023 10:56:44 PM: INFO: **** providing customer info ****
06/22/2023 10:56:53 PM: INFO: *** customer info is saved ****
06/22/2023 10:56:53 PM: INFO: **** customer validations is started ****
06/22/2023 10:56:55 PM: INFO: **** customer is passed ****
06/22/2023 10:56:55 PM: INFO: **** ending addcustomer test ****
06/22/2023 10:56:57 PM: INFO: ****** Test_001_Login *******
06/22/2023 10:56:57 PM: INFO: ****** verify homepage Title *******
06/22/2023 10:56:58 PM: INFO: Your store. Login
06/22/2023 10:56:58 PM: INFO: ****** home page title is passed *******
06/22/2023 10:57:06 PM: INFO: ****** Login test is passed *******
06/22/2023 10:57:41 PM: INFO: ***** Test_003_Addcustomer ******
06/22/2023 10:57:45 PM: INFO: **** login sucessfully ****
06/22/2023 10:57:45 PM: INFO: **** started addcustomer ****
06/22/2023 10:57:45 PM: INFO: **** providing customer info ****
06/22/2023 10:57:49 PM: INFO: **** searching customer **** 
